{"/Users/yuantao/Work/default-template/src/index.ts": {"path":"/Users/yuantao/Work/default-template/src/index.ts","all":false,"statementMap":{"30":{"start":{"line":31,"column":0},"end":{"line":31,"column":29}},"46":{"start":{"line":47,"column":0},"end":{"line":47,"column":57}},"47":{"start":{"line":48,"column":0},"end":{"line":48,"column":19}},"48":{"start":{"line":49,"column":0},"end":{"line":49,"column":19}},"49":{"start":{"line":50,"column":0},"end":{"line":50,"column":3}},"50":{"start":{"line":51,"column":0},"end":{"line":51,"column":1}},"71":{"start":{"line":72,"column":0},"end":{"line":72,"column":40}},"72":{"start":{"line":73,"column":0},"end":{"line":73,"column":10}},"73":{"start":{"line":74,"column":0},"end":{"line":74,"column":18}},"74":{"start":{"line":75,"column":0},"end":{"line":75,"column":31}},"75":{"start":{"line":76,"column":0},"end":{"line":76,"column":30}},"76":{"start":{"line":77,"column":0},"end":{"line":77,"column":30}},"77":{"start":{"line":78,"column":0},"end":{"line":78,"column":32}},"78":{"start":{"line":79,"column":0},"end":{"line":79,"column":30}},"79":{"start":{"line":80,"column":0},"end":{"line":80,"column":30}},"80":{"start":{"line":81,"column":0},"end":{"line":81,"column":26}},"81":{"start":{"line":82,"column":0},"end":{"line":82,"column":25}},"82":{"start":{"line":83,"column":0},"end":{"line":83,"column":22}},"84":{"start":{"line":85,"column":0},"end":{"line":85,"column":1}},"100":{"start":{"line":101,"column":0},"end":{"line":101,"column":49}},"101":{"start":{"line":102,"column":0},"end":{"line":102,"column":74}},"102":{"start":{"line":103,"column":0},"end":{"line":103,"column":77}},"103":{"start":{"line":104,"column":0},"end":{"line":104,"column":1}},"121":{"start":{"line":122,"column":0},"end":{"line":122,"column":45}},"122":{"start":{"line":123,"column":0},"end":{"line":123,"column":34}},"123":{"start":{"line":124,"column":0},"end":{"line":124,"column":79}},"124":{"start":{"line":125,"column":0},"end":{"line":125,"column":24}},"125":{"start":{"line":126,"column":0},"end":{"line":126,"column":3}},"126":{"start":{"line":127,"column":0},"end":{"line":127,"column":33}},"127":{"start":{"line":128,"column":0},"end":{"line":128,"column":48}},"128":{"start":{"line":129,"column":0},"end":{"line":129,"column":28}},"129":{"start":{"line":130,"column":0},"end":{"line":130,"column":39}},"130":{"start":{"line":131,"column":0},"end":{"line":131,"column":5}},"131":{"start":{"line":132,"column":0},"end":{"line":132,"column":68}},"132":{"start":{"line":133,"column":0},"end":{"line":133,"column":16}},"133":{"start":{"line":134,"column":0},"end":{"line":134,"column":3}},"134":{"start":{"line":135,"column":0},"end":{"line":135,"column":33}},"135":{"start":{"line":136,"column":0},"end":{"line":136,"column":44}},"136":{"start":{"line":137,"column":0},"end":{"line":137,"column":3}},"137":{"start":{"line":138,"column":0},"end":{"line":138,"column":29}},"138":{"start":{"line":139,"column":0},"end":{"line":139,"column":40}},"139":{"start":{"line":140,"column":0},"end":{"line":140,"column":16}},"140":{"start":{"line":141,"column":0},"end":{"line":141,"column":3}},"141":{"start":{"line":142,"column":0},"end":{"line":142,"column":28}},"142":{"start":{"line":143,"column":0},"end":{"line":143,"column":39}},"143":{"start":{"line":144,"column":0},"end":{"line":144,"column":16}},"144":{"start":{"line":145,"column":0},"end":{"line":145,"column":3}},"145":{"start":{"line":146,"column":0},"end":{"line":146,"column":28}},"146":{"start":{"line":147,"column":0},"end":{"line":147,"column":39}},"147":{"start":{"line":148,"column":0},"end":{"line":148,"column":16}},"148":{"start":{"line":149,"column":0},"end":{"line":149,"column":3}},"149":{"start":{"line":150,"column":0},"end":{"line":150,"column":33}},"150":{"start":{"line":151,"column":0},"end":{"line":151,"column":44}},"151":{"start":{"line":152,"column":0},"end":{"line":152,"column":16}},"152":{"start":{"line":153,"column":0},"end":{"line":153,"column":3}},"153":{"start":{"line":154,"column":0},"end":{"line":154,"column":13}},"154":{"start":{"line":155,"column":0},"end":{"line":155,"column":1}},"250":{"start":{"line":251,"column":0},"end":{"line":251,"column":119}},"251":{"start":{"line":252,"column":0},"end":{"line":252,"column":57}},"252":{"start":{"line":253,"column":0},"end":{"line":253,"column":1}},"276":{"start":{"line":277,"column":0},"end":{"line":277,"column":92}},"278":{"start":{"line":279,"column":0},"end":{"line":279,"column":41}},"279":{"start":{"line":280,"column":0},"end":{"line":280,"column":82}},"280":{"start":{"line":281,"column":0},"end":{"line":281,"column":18}},"281":{"start":{"line":282,"column":0},"end":{"line":282,"column":16}},"282":{"start":{"line":283,"column":0},"end":{"line":283,"column":3}},"283":{"start":{"line":284,"column":0},"end":{"line":284,"column":30}},"284":{"start":{"line":285,"column":0},"end":{"line":285,"column":56}},"285":{"start":{"line":286,"column":0},"end":{"line":286,"column":24}},"286":{"start":{"line":287,"column":0},"end":{"line":287,"column":74}},"287":{"start":{"line":288,"column":0},"end":{"line":288,"column":3}},"288":{"start":{"line":289,"column":0},"end":{"line":289,"column":27}},"289":{"start":{"line":290,"column":0},"end":{"line":290,"column":29}},"290":{"start":{"line":291,"column":0},"end":{"line":291,"column":27}},"292":{"start":{"line":293,"column":0},"end":{"line":293,"column":31}},"293":{"start":{"line":294,"column":0},"end":{"line":294,"column":34}},"295":{"start":{"line":296,"column":0},"end":{"line":296,"column":33}},"296":{"start":{"line":297,"column":0},"end":{"line":297,"column":82}},"297":{"start":{"line":298,"column":0},"end":{"line":298,"column":13}},"298":{"start":{"line":299,"column":0},"end":{"line":299,"column":60}},"299":{"start":{"line":300,"column":0},"end":{"line":300,"column":13}},"300":{"start":{"line":301,"column":0},"end":{"line":301,"column":16}},"301":{"start":{"line":302,"column":0},"end":{"line":302,"column":75}},"302":{"start":{"line":303,"column":0},"end":{"line":303,"column":9}},"303":{"start":{"line":304,"column":0},"end":{"line":304,"column":7}},"304":{"start":{"line":305,"column":0},"end":{"line":305,"column":17}},"305":{"start":{"line":306,"column":0},"end":{"line":306,"column":5}},"306":{"start":{"line":307,"column":0},"end":{"line":307,"column":14}},"307":{"start":{"line":308,"column":0},"end":{"line":308,"column":3}},"308":{"start":{"line":309,"column":0},"end":{"line":309,"column":22}},"309":{"start":{"line":310,"column":0},"end":{"line":310,"column":54}},"310":{"start":{"line":311,"column":0},"end":{"line":311,"column":3}},"311":{"start":{"line":312,"column":0},"end":{"line":312,"column":13}},"312":{"start":{"line":313,"column":0},"end":{"line":313,"column":1}},"341":{"start":{"line":342,"column":0},"end":{"line":342,"column":112}},"342":{"start":{"line":343,"column":0},"end":{"line":343,"column":43}},"343":{"start":{"line":344,"column":0},"end":{"line":344,"column":33}},"344":{"start":{"line":345,"column":0},"end":{"line":345,"column":35}},"345":{"start":{"line":346,"column":0},"end":{"line":346,"column":42}},"348":{"start":{"line":349,"column":0},"end":{"line":349,"column":30}},"349":{"start":{"line":350,"column":0},"end":{"line":350,"column":33}},"350":{"start":{"line":351,"column":0},"end":{"line":351,"column":23}},"351":{"start":{"line":352,"column":0},"end":{"line":352,"column":21}},"352":{"start":{"line":353,"column":0},"end":{"line":353,"column":43}},"353":{"start":{"line":354,"column":0},"end":{"line":354,"column":70}},"354":{"start":{"line":355,"column":0},"end":{"line":355,"column":20}},"355":{"start":{"line":356,"column":0},"end":{"line":356,"column":5}},"356":{"start":{"line":357,"column":0},"end":{"line":357,"column":64}},"357":{"start":{"line":358,"column":0},"end":{"line":358,"column":48}},"358":{"start":{"line":359,"column":0},"end":{"line":359,"column":3}},"361":{"start":{"line":362,"column":0},"end":{"line":362,"column":34}},"362":{"start":{"line":363,"column":0},"end":{"line":363,"column":44}},"363":{"start":{"line":364,"column":0},"end":{"line":364,"column":44}},"364":{"start":{"line":365,"column":0},"end":{"line":365,"column":28}},"365":{"start":{"line":366,"column":0},"end":{"line":366,"column":23}},"366":{"start":{"line":367,"column":0},"end":{"line":367,"column":45}},"367":{"start":{"line":368,"column":0},"end":{"line":368,"column":72}},"368":{"start":{"line":369,"column":0},"end":{"line":369,"column":22}},"369":{"start":{"line":370,"column":0},"end":{"line":370,"column":7}},"370":{"start":{"line":371,"column":0},"end":{"line":371,"column":66}},"371":{"start":{"line":372,"column":0},"end":{"line":372,"column":50}},"372":{"start":{"line":373,"column":0},"end":{"line":373,"column":5}},"373":{"start":{"line":374,"column":0},"end":{"line":374,"column":3}},"376":{"start":{"line":377,"column":0},"end":{"line":377,"column":30}},"377":{"start":{"line":378,"column":0},"end":{"line":378,"column":63}},"378":{"start":{"line":379,"column":0},"end":{"line":379,"column":23}},"379":{"start":{"line":380,"column":0},"end":{"line":380,"column":21}},"380":{"start":{"line":381,"column":0},"end":{"line":381,"column":43}},"381":{"start":{"line":382,"column":0},"end":{"line":382,"column":70}},"382":{"start":{"line":383,"column":0},"end":{"line":383,"column":20}},"383":{"start":{"line":384,"column":0},"end":{"line":384,"column":5}},"384":{"start":{"line":385,"column":0},"end":{"line":385,"column":62}},"385":{"start":{"line":386,"column":0},"end":{"line":386,"column":48}},"386":{"start":{"line":387,"column":0},"end":{"line":387,"column":3}},"387":{"start":{"line":388,"column":0},"end":{"line":388,"column":16}},"388":{"start":{"line":389,"column":0},"end":{"line":389,"column":1}}},"s":{"30":1,"46":1,"47":4,"48":4,"49":4,"50":1,"71":131,"72":131,"73":131,"74":131,"75":119,"76":68,"77":43,"78":43,"79":42,"80":40,"81":37,"82":36,"84":131,"100":54,"101":54,"102":54,"103":54,"121":36,"122":36,"123":8,"124":6,"125":6,"126":36,"127":20,"128":8,"129":8,"130":8,"131":20,"132":0,"133":0,"134":36,"135":5,"136":5,"137":36,"138":1,"139":0,"140":0,"141":36,"142":0,"143":0,"144":0,"145":36,"146":0,"147":0,"148":0,"149":36,"150":1,"151":0,"152":0,"153":1,"154":1,"250":56,"251":56,"252":56,"276":107,"278":107,"279":0,"280":0,"281":0,"282":0,"283":107,"284":107,"285":107,"286":60,"287":60,"288":107,"289":14,"290":10,"292":8,"293":2,"295":4,"296":4,"297":4,"298":0,"299":2,"300":8,"301":6,"302":6,"303":8,"304":2,"305":2,"306":4,"307":4,"308":19,"309":19,"310":19,"311":0,"312":0,"341":23,"342":23,"343":23,"344":23,"345":23,"348":23,"349":30,"350":26,"351":26,"352":30,"353":4,"354":4,"355":4,"356":26,"357":26,"358":30,"361":23,"362":4,"363":9,"364":7,"365":7,"366":9,"367":0,"368":0,"369":0,"370":7,"371":7,"372":9,"373":4,"376":23,"377":30,"378":4,"379":4,"380":30,"381":0,"382":0,"383":0,"384":4,"385":4,"386":30,"387":23,"388":23},"branchMap":{"0":{"type":"branch","line":47,"loc":{"start":{"line":47,"column":2},"end":{"line":50,"column":3}},"locations":[{"start":{"line":47,"column":2},"end":{"line":50,"column":3}}]},"1":{"type":"branch","line":72,"loc":{"start":{"line":72,"column":0},"end":{"line":85,"column":1}},"locations":[{"start":{"line":72,"column":0},"end":{"line":85,"column":1}}]},"2":{"type":"branch","line":75,"loc":{"start":{"line":75,"column":19},"end":{"line":76,"column":30}},"locations":[{"start":{"line":75,"column":19},"end":{"line":76,"column":30}}]},"3":{"type":"branch","line":76,"loc":{"start":{"line":76,"column":19},"end":{"line":77,"column":30}},"locations":[{"start":{"line":76,"column":19},"end":{"line":77,"column":30}}]},"4":{"type":"branch","line":77,"loc":{"start":{"line":77,"column":19},"end":{"line":78,"column":32}},"locations":[{"start":{"line":77,"column":19},"end":{"line":78,"column":32}}]},"5":{"type":"branch","line":78,"loc":{"start":{"line":78,"column":19},"end":{"line":79,"column":30}},"locations":[{"start":{"line":78,"column":19},"end":{"line":79,"column":30}}]},"6":{"type":"branch","line":79,"loc":{"start":{"line":79,"column":19},"end":{"line":80,"column":30}},"locations":[{"start":{"line":79,"column":19},"end":{"line":80,"column":30}}]},"7":{"type":"branch","line":80,"loc":{"start":{"line":80,"column":19},"end":{"line":81,"column":26}},"locations":[{"start":{"line":80,"column":19},"end":{"line":81,"column":26}}]},"8":{"type":"branch","line":81,"loc":{"start":{"line":81,"column":19},"end":{"line":82,"column":25}},"locations":[{"start":{"line":81,"column":19},"end":{"line":82,"column":25}}]},"9":{"type":"branch","line":82,"loc":{"start":{"line":82,"column":19},"end":{"line":83,"column":22}},"locations":[{"start":{"line":82,"column":19},"end":{"line":83,"column":22}}]},"10":{"type":"branch","line":101,"loc":{"start":{"line":101,"column":0},"end":{"line":104,"column":1}},"locations":[{"start":{"line":101,"column":0},"end":{"line":104,"column":1}}]},"11":{"type":"branch","line":102,"loc":{"start":{"line":102,"column":17},"end":{"line":102,"column":52}},"locations":[{"start":{"line":102,"column":17},"end":{"line":102,"column":52}}]},"12":{"type":"branch","line":102,"loc":{"start":{"line":102,"column":40},"end":{"line":102,"column":74}},"locations":[{"start":{"line":102,"column":40},"end":{"line":102,"column":74}}]},"13":{"type":"branch","line":102,"loc":{"start":{"line":102,"column":70},"end":{"line":103,"column":30}},"locations":[{"start":{"line":102,"column":70},"end":{"line":103,"column":30}}]},"14":{"type":"branch","line":103,"loc":{"start":{"line":103,"column":21},"end":{"line":103,"column":55}},"locations":[{"start":{"line":103,"column":21},"end":{"line":103,"column":55}}]},"15":{"type":"branch","line":103,"loc":{"start":{"line":103,"column":47},"end":{"line":103,"column":77}},"locations":[{"start":{"line":103,"column":47},"end":{"line":103,"column":77}}]},"16":{"type":"branch","line":122,"loc":{"start":{"line":122,"column":0},"end":{"line":155,"column":1}},"locations":[{"start":{"line":122,"column":0},"end":{"line":155,"column":1}}]},"17":{"type":"branch","line":123,"loc":{"start":{"line":123,"column":33},"end":{"line":126,"column":3}},"locations":[{"start":{"line":123,"column":33},"end":{"line":126,"column":3}}]},"18":{"type":"branch","line":124,"loc":{"start":{"line":124,"column":23},"end":{"line":124,"column":66}},"locations":[{"start":{"line":124,"column":23},"end":{"line":124,"column":66}}]},"19":{"type":"branch","line":124,"loc":{"start":{"line":124,"column":66},"end":{"line":124,"column":79}},"locations":[{"start":{"line":124,"column":66},"end":{"line":124,"column":79}}]},"20":{"type":"branch","line":124,"loc":{"start":{"line":124,"column":73},"end":{"line":126,"column":3}},"locations":[{"start":{"line":124,"column":73},"end":{"line":126,"column":3}}]},"21":{"type":"branch","line":126,"loc":{"start":{"line":126,"column":2},"end":{"line":127,"column":32}},"locations":[{"start":{"line":126,"column":2},"end":{"line":127,"column":32}}]},"22":{"type":"branch","line":127,"loc":{"start":{"line":127,"column":32},"end":{"line":134,"column":3}},"locations":[{"start":{"line":127,"column":32},"end":{"line":134,"column":3}}]},"23":{"type":"branch","line":128,"loc":{"start":{"line":128,"column":23},"end":{"line":128,"column":47}},"locations":[{"start":{"line":128,"column":23},"end":{"line":128,"column":47}}]},"24":{"type":"branch","line":128,"loc":{"start":{"line":128,"column":47},"end":{"line":131,"column":5}},"locations":[{"start":{"line":128,"column":47},"end":{"line":131,"column":5}}]},"25":{"type":"branch","line":131,"loc":{"start":{"line":131,"column":4},"end":{"line":132,"column":57}},"locations":[{"start":{"line":131,"column":4},"end":{"line":132,"column":57}}]},"26":{"type":"branch","line":132,"loc":{"start":{"line":132,"column":57},"end":{"line":132,"column":68}},"locations":[{"start":{"line":132,"column":57},"end":{"line":132,"column":68}}]},"27":{"type":"branch","line":132,"loc":{"start":{"line":132,"column":64},"end":{"line":134,"column":3}},"locations":[{"start":{"line":132,"column":64},"end":{"line":134,"column":3}}]},"28":{"type":"branch","line":134,"loc":{"start":{"line":134,"column":2},"end":{"line":135,"column":32}},"locations":[{"start":{"line":134,"column":2},"end":{"line":135,"column":32}}]},"29":{"type":"branch","line":135,"loc":{"start":{"line":135,"column":32},"end":{"line":137,"column":3}},"locations":[{"start":{"line":135,"column":32},"end":{"line":137,"column":3}}]},"30":{"type":"branch","line":136,"loc":{"start":{"line":136,"column":18},"end":{"line":136,"column":32}},"locations":[{"start":{"line":136,"column":18},"end":{"line":136,"column":32}}]},"31":{"type":"branch","line":137,"loc":{"start":{"line":137,"column":2},"end":{"line":138,"column":28}},"locations":[{"start":{"line":137,"column":2},"end":{"line":138,"column":28}}]},"32":{"type":"branch","line":138,"loc":{"start":{"line":138,"column":28},"end":{"line":141,"column":3}},"locations":[{"start":{"line":138,"column":28},"end":{"line":141,"column":3}}]},"33":{"type":"branch","line":139,"loc":{"start":{"line":139,"column":36},"end":{"line":141,"column":3}},"locations":[{"start":{"line":139,"column":36},"end":{"line":141,"column":3}}]},"34":{"type":"branch","line":141,"loc":{"start":{"line":141,"column":2},"end":{"line":142,"column":27}},"locations":[{"start":{"line":141,"column":2},"end":{"line":142,"column":27}}]},"35":{"type":"branch","line":142,"loc":{"start":{"line":142,"column":27},"end":{"line":145,"column":3}},"locations":[{"start":{"line":142,"column":27},"end":{"line":145,"column":3}}]},"36":{"type":"branch","line":145,"loc":{"start":{"line":145,"column":2},"end":{"line":146,"column":27}},"locations":[{"start":{"line":145,"column":2},"end":{"line":146,"column":27}}]},"37":{"type":"branch","line":146,"loc":{"start":{"line":146,"column":27},"end":{"line":149,"column":3}},"locations":[{"start":{"line":146,"column":27},"end":{"line":149,"column":3}}]},"38":{"type":"branch","line":149,"loc":{"start":{"line":149,"column":2},"end":{"line":150,"column":32}},"locations":[{"start":{"line":149,"column":2},"end":{"line":150,"column":32}}]},"39":{"type":"branch","line":150,"loc":{"start":{"line":150,"column":32},"end":{"line":155,"column":1}},"locations":[{"start":{"line":150,"column":32},"end":{"line":155,"column":1}}]},"40":{"type":"branch","line":151,"loc":{"start":{"line":151,"column":40},"end":{"line":153,"column":3}},"locations":[{"start":{"line":151,"column":40},"end":{"line":153,"column":3}}]},"41":{"type":"branch","line":251,"loc":{"start":{"line":251,"column":0},"end":{"line":253,"column":1}},"locations":[{"start":{"line":251,"column":0},"end":{"line":253,"column":1}}]},"42":{"type":"branch","line":277,"loc":{"start":{"line":277,"column":0},"end":{"line":313,"column":1}},"locations":[{"start":{"line":277,"column":0},"end":{"line":313,"column":1}}]},"43":{"type":"branch","line":279,"loc":{"start":{"line":279,"column":40},"end":{"line":283,"column":3}},"locations":[{"start":{"line":279,"column":40},"end":{"line":283,"column":3}}]},"44":{"type":"branch","line":284,"loc":{"start":{"line":284,"column":19},"end":{"line":284,"column":30}},"locations":[{"start":{"line":284,"column":19},"end":{"line":284,"column":30}}]},"45":{"type":"branch","line":284,"loc":{"start":{"line":284,"column":26},"end":{"line":285,"column":40}},"locations":[{"start":{"line":284,"column":26},"end":{"line":285,"column":40}}]},"46":{"type":"branch","line":285,"loc":{"start":{"line":285,"column":33},"end":{"line":285,"column":56}},"locations":[{"start":{"line":285,"column":33},"end":{"line":285,"column":56}}]},"47":{"type":"branch","line":285,"loc":{"start":{"line":285,"column":54},"end":{"line":286,"column":23}},"locations":[{"start":{"line":285,"column":54},"end":{"line":286,"column":23}}]},"48":{"type":"branch","line":286,"loc":{"start":{"line":286,"column":23},"end":{"line":288,"column":3}},"locations":[{"start":{"line":286,"column":23},"end":{"line":288,"column":3}}]},"49":{"type":"branch","line":287,"loc":{"start":{"line":287,"column":18},"end":{"line":287,"column":44}},"locations":[{"start":{"line":287,"column":18},"end":{"line":287,"column":44}}]},"50":{"type":"branch","line":287,"loc":{"start":{"line":287,"column":40},"end":{"line":287,"column":70}},"locations":[{"start":{"line":287,"column":40},"end":{"line":287,"column":70}}]},"51":{"type":"branch","line":287,"loc":{"start":{"line":287,"column":66},"end":{"line":287,"column":74}},"locations":[{"start":{"line":287,"column":66},"end":{"line":287,"column":74}}]},"52":{"type":"branch","line":288,"loc":{"start":{"line":288,"column":2},"end":{"line":289,"column":26}},"locations":[{"start":{"line":288,"column":2},"end":{"line":289,"column":26}}]},"53":{"type":"branch","line":289,"loc":{"start":{"line":289,"column":26},"end":{"line":308,"column":3}},"locations":[{"start":{"line":289,"column":26},"end":{"line":308,"column":3}}]},"54":{"type":"branch","line":290,"loc":{"start":{"line":290,"column":28},"end":{"line":306,"column":5}},"locations":[{"start":{"line":290,"column":28},"end":{"line":306,"column":5}}]},"55":{"type":"branch","line":291,"loc":{"start":{"line":291,"column":26},"end":{"line":304,"column":7}},"locations":[{"start":{"line":291,"column":26},"end":{"line":304,"column":7}}]},"56":{"type":"branch","line":293,"loc":{"start":{"line":293,"column":30},"end":{"line":301,"column":15}},"locations":[{"start":{"line":293,"column":30},"end":{"line":301,"column":15}}]},"57":{"type":"branch","line":301,"loc":{"start":{"line":301,"column":8},"end":{"line":303,"column":9}},"locations":[{"start":{"line":301,"column":8},"end":{"line":303,"column":9}}]},"58":{"type":"branch","line":304,"loc":{"start":{"line":304,"column":6},"end":{"line":306,"column":5}},"locations":[{"start":{"line":304,"column":6},"end":{"line":306,"column":5}}]},"59":{"type":"branch","line":306,"loc":{"start":{"line":306,"column":4},"end":{"line":308,"column":3}},"locations":[{"start":{"line":306,"column":4},"end":{"line":308,"column":3}}]},"60":{"type":"branch","line":308,"loc":{"start":{"line":308,"column":2},"end":{"line":311,"column":3}},"locations":[{"start":{"line":308,"column":2},"end":{"line":311,"column":3}}]},"61":{"type":"branch","line":311,"loc":{"start":{"line":311,"column":2},"end":{"line":313,"column":1}},"locations":[{"start":{"line":311,"column":2},"end":{"line":313,"column":1}}]},"62":{"type":"branch","line":294,"loc":{"start":{"line":294,"column":25},"end":{"line":300,"column":11}},"locations":[{"start":{"line":294,"column":25},"end":{"line":300,"column":11}}]},"63":{"type":"branch","line":298,"loc":{"start":{"line":298,"column":12},"end":{"line":299,"column":60}},"locations":[{"start":{"line":298,"column":12},"end":{"line":299,"column":60}}]},"64":{"type":"branch","line":302,"loc":{"start":{"line":302,"column":25},"end":{"line":302,"column":73}},"locations":[{"start":{"line":302,"column":25},"end":{"line":302,"column":73}}]},"65":{"type":"branch","line":342,"loc":{"start":{"line":342,"column":0},"end":{"line":389,"column":1}},"locations":[{"start":{"line":342,"column":0},"end":{"line":389,"column":1}}]},"66":{"type":"branch","line":343,"loc":{"start":{"line":343,"column":21},"end":{"line":343,"column":43}},"locations":[{"start":{"line":343,"column":21},"end":{"line":343,"column":43}}]},"67":{"type":"branch","line":346,"loc":{"start":{"line":346,"column":29},"end":{"line":346,"column":39}},"locations":[{"start":{"line":346,"column":29},"end":{"line":346,"column":39}}]},"68":{"type":"branch","line":346,"loc":{"start":{"line":346,"column":33},"end":{"line":346,"column":42}},"locations":[{"start":{"line":346,"column":33},"end":{"line":346,"column":42}}]},"69":{"type":"branch","line":349,"loc":{"start":{"line":349,"column":29},"end":{"line":359,"column":3}},"locations":[{"start":{"line":349,"column":29},"end":{"line":359,"column":3}}]},"70":{"type":"branch","line":350,"loc":{"start":{"line":350,"column":24},"end":{"line":350,"column":33}},"locations":[{"start":{"line":350,"column":24},"end":{"line":350,"column":33}}]},"71":{"type":"branch","line":350,"loc":{"start":{"line":350,"column":24},"end":{"line":353,"column":42}},"locations":[{"start":{"line":350,"column":24},"end":{"line":353,"column":42}}]},"72":{"type":"branch","line":353,"loc":{"start":{"line":353,"column":42},"end":{"line":356,"column":5}},"locations":[{"start":{"line":353,"column":42},"end":{"line":356,"column":5}}]},"73":{"type":"branch","line":354,"loc":{"start":{"line":354,"column":34},"end":{"line":354,"column":62}},"locations":[{"start":{"line":354,"column":34},"end":{"line":354,"column":62}}]},"74":{"type":"branch","line":354,"loc":{"start":{"line":354,"column":58},"end":{"line":354,"column":70}},"locations":[{"start":{"line":354,"column":58},"end":{"line":354,"column":70}}]},"75":{"type":"branch","line":356,"loc":{"start":{"line":356,"column":4},"end":{"line":358,"column":48}},"locations":[{"start":{"line":356,"column":4},"end":{"line":358,"column":48}}]},"76":{"type":"branch","line":362,"loc":{"start":{"line":362,"column":33},"end":{"line":374,"column":3}},"locations":[{"start":{"line":362,"column":33},"end":{"line":374,"column":3}}]},"77":{"type":"branch","line":363,"loc":{"start":{"line":363,"column":43},"end":{"line":373,"column":5}},"locations":[{"start":{"line":363,"column":43},"end":{"line":373,"column":5}}]},"78":{"type":"branch","line":364,"loc":{"start":{"line":364,"column":35},"end":{"line":364,"column":44}},"locations":[{"start":{"line":364,"column":35},"end":{"line":364,"column":44}}]},"79":{"type":"branch","line":364,"loc":{"start":{"line":364,"column":35},"end":{"line":367,"column":44}},"locations":[{"start":{"line":364,"column":35},"end":{"line":367,"column":44}}]},"80":{"type":"branch","line":367,"loc":{"start":{"line":367,"column":44},"end":{"line":370,"column":7}},"locations":[{"start":{"line":367,"column":44},"end":{"line":370,"column":7}}]},"81":{"type":"branch","line":370,"loc":{"start":{"line":370,"column":6},"end":{"line":372,"column":50}},"locations":[{"start":{"line":370,"column":6},"end":{"line":372,"column":50}}]},"82":{"type":"branch","line":377,"loc":{"start":{"line":377,"column":29},"end":{"line":387,"column":3}},"locations":[{"start":{"line":377,"column":29},"end":{"line":387,"column":3}}]},"83":{"type":"branch","line":378,"loc":{"start":{"line":378,"column":16},"end":{"line":378,"column":54}},"locations":[{"start":{"line":378,"column":16},"end":{"line":378,"column":54}}]},"84":{"type":"branch","line":378,"loc":{"start":{"line":378,"column":54},"end":{"line":378,"column":63}},"locations":[{"start":{"line":378,"column":54},"end":{"line":378,"column":63}}]},"85":{"type":"branch","line":378,"loc":{"start":{"line":378,"column":54},"end":{"line":381,"column":42}},"locations":[{"start":{"line":378,"column":54},"end":{"line":381,"column":42}}]},"86":{"type":"branch","line":381,"loc":{"start":{"line":381,"column":42},"end":{"line":384,"column":5}},"locations":[{"start":{"line":381,"column":42},"end":{"line":384,"column":5}}]},"87":{"type":"branch","line":384,"loc":{"start":{"line":384,"column":4},"end":{"line":386,"column":48}},"locations":[{"start":{"line":384,"column":4},"end":{"line":386,"column":48}}]}},"b":{"0":[4],"1":[131],"2":[119],"3":[68],"4":[43],"5":[43],"6":[42],"7":[40],"8":[37],"9":[36],"10":[54],"11":[53],"12":[47],"13":[46],"14":[46],"15":[46],"16":[36],"17":[8],"18":[5],"19":[2],"20":[6],"21":[28],"22":[20],"23":[8],"24":[8],"25":[12],"26":[12],"27":[0],"28":[8],"29":[5],"30":[0],"31":[3],"32":[1],"33":[0],"34":[2],"35":[0],"36":[2],"37":[0],"38":[2],"39":[1],"40":[0],"41":[56],"42":[107],"43":[0],"44":[7],"45":[100],"46":[7],"47":[93],"48":[60],"49":[38],"50":[36],"51":[24],"52":[33],"53":[14],"54":[10],"55":[8],"56":[2],"57":[6],"58":[2],"59":[4],"60":[19],"61":[0],"62":[4],"63":[0],"64":[14],"65":[23],"66":[0],"67":[21],"68":[2],"69":[30],"70":[4],"71":[26],"72":[4],"73":[1],"74":[3],"75":[26],"76":[4],"77":[9],"78":[2],"79":[7],"80":[0],"81":[7],"82":[30],"83":[26],"84":[26],"85":[4],"86":[0],"87":[4]},"fnMap":{"0":{"name":"TemplateRename","decl":{"start":{"line":47,"column":2},"end":{"line":50,"column":3}},"loc":{"start":{"line":47,"column":2},"end":{"line":50,"column":3}},"line":47},"1":{"name":"isBaseType","decl":{"start":{"line":72,"column":0},"end":{"line":85,"column":1}},"loc":{"start":{"line":72,"column":0},"end":{"line":85,"column":1}},"line":72},"2":{"name":"isObject","decl":{"start":{"line":101,"column":0},"end":{"line":104,"column":1}},"loc":{"start":{"line":101,"column":0},"end":{"line":104,"column":1}},"line":101},"3":{"name":"convertToType","decl":{"start":{"line":122,"column":0},"end":{"line":155,"column":1}},"loc":{"start":{"line":122,"column":0},"end":{"line":155,"column":1}},"line":122},"4":{"name":"defaultTemplate","decl":{"start":{"line":251,"column":0},"end":{"line":253,"column":1}},"loc":{"start":{"line":251,"column":0},"end":{"line":253,"column":1}},"line":251},"5":{"name":"internalTemplate","decl":{"start":{"line":277,"column":0},"end":{"line":313,"column":1}},"loc":{"start":{"line":277,"column":0},"end":{"line":313,"column":1}},"line":277},"6":{"name":"handleObjectTemplate","decl":{"start":{"line":342,"column":0},"end":{"line":389,"column":1}},"loc":{"start":{"line":342,"column":0},"end":{"line":389,"column":1}},"line":342}},"f":{"0":4,"1":131,"2":54,"3":36,"4":56,"5":107,"6":23}}
}
